2024/05/10 07:37:19 here 1
2024/05/10 07:37:19 here 1
2024/05/10 07:37:19 here 1
2024/05/10 07:37:19 here 1
2024/05/10 07:37:20 here 1
2024/05/10 07:37:20 here 1
2024/05/10 07:37:21 here 1
2024/05/10 07:37:21 here 1
2024/05/10 07:37:22 here 1
2024/05/10 07:37:22 here 1
2024/05/10 07:37:22 here 1
2024/05/10 07:37:23 here 1
2024/05/10 07:37:23 here 1
2024/05/10 07:37:23 here 1
2024/05/10 07:37:24 here 1
2024/05/10 07:37:25 here 1
2024/05/10 07:37:25 here 1
2024/05/10 07:50:57 >>> Name (required): [7m [0m
2024/05/10 07:50:57 >>> [38;5;240mKey (required): [0m 
2024/05/10 07:50:57 >>> Name (required): [7m [0m
2024/05/10 07:50:57 >>> [38;5;240mKey (required): [0m 
2024/05/10 07:50:57 >>> Name (required): [7m [0m
2024/05/10 07:50:57 >>> [38;5;240mKey (required): [0m 
2024/05/10 07:50:58 >>> Name (required):  
2024/05/10 07:50:58 >>> [38;5;240mKey (required): [0m 
2024/05/10 07:50:58 >>> Name (required): [7m [0m
2024/05/10 07:50:58 >>> [38;5;240mKey (required): [0m 
2024/05/10 07:50:59 >>> Name (required):  
2024/05/10 07:50:59 >>> [38;5;240mKey (required): [0m 
2024/05/10 07:50:59 >>> Name (required): [7m [0m
2024/05/10 07:50:59 >>> [38;5;240mKey (required): [0m 
2024/05/10 07:51:00 >>> Name (required):  
2024/05/10 07:51:00 >>> [38;5;240mKey (required): [0m 
2024/05/10 07:51:00 >>> Name (required): [7m [0m
2024/05/10 07:51:00 >>> [38;5;240mKey (required): [0m 
2024/05/10 07:51:01 >>> Name (required):  
2024/05/10 07:51:01 >>> [38;5;240mKey (required): [0m 
2024/05/10 07:51:01 >>> Name (required): [7m [0m
2024/05/10 07:51:01 >>> [38;5;240mKey (required): [0m 
2024/05/10 07:51:02 >>> Name (required):  
2024/05/10 07:51:02 >>> [38;5;240mKey (required): [0m 
2024/05/10 07:51:02 >>> Name (required): [7m [0m
2024/05/10 07:51:02 >>> [38;5;240mKey (required): [0m 
2024/05/10 07:51:03 >>> Name (required): [7m [0m
2024/05/10 07:51:03 >>> [38;5;240mKey (required): [0m 
2024/05/10 07:51:03 >>> Name (required): [7m [0m
2024/05/10 07:51:03 >>> [38;5;240mKey (required): [0m 
2024/05/31 15:21:51 >>> enter false true
2024/05/31 15:22:00 >>> enter false true
2024/05/31 15:22:51 >>> enter false true
2024/05/31 15:22:51 >>> completedMsg
2024/05/31 15:23:47 >>> enter false true
2024/05/31 15:23:47 >>> completedMsg
2024/05/31 15:23:48 >>> enter true true
2024/05/31 15:27:55 >>> enter false true
2024/05/31 15:27:55 >>> completedMsg
2024/05/31 15:27:55 input foo
2024/05/31 15:27:55 input bar
2024/05/31 15:27:55 input baz
2024/05/31 15:31:30 >>> completedMsg
2024/05/31 15:31:30 formdata Name (required):  :: 1
2024/05/31 15:31:30 formdata Key (required):  :: 2
2024/05/31 15:31:30 formdata Description:  :: 3
2024/05/31 15:32:22 >>> completedMsg
2024/05/31 15:32:22 formdata Name :: 1
2024/05/31 15:32:22 formdata Key :: 2
2024/05/31 15:32:22 formdata Description :: 3
